SMOKE TEST E2E VALIDATION LOG
=====================================
Test Suite: TASK-SMOKE-E2E-0001
Execution Time: 2026-04-09T17:09:11Z
Commit: 2ea1fb942c58d554f6d061c767cd5a92878deda9
Status: ACTION_COMPLETED

AUTONOMOUS LOOP INTEGRITY CHECKS
=================================

[PASS] Check 1: Auditor Runner Dispatch Role Filter
- Verified: .github/workflows/auditor-runner.yml contains correct role filters
- Role dispatch logic: auditor -> analyst -> verifier -> runner flow intact
- Event filtering: PRE_ACTION_APPROVED, ACTION_COMPLETED, VERIFICATION_REQUIRED properly routed

[PASS] Check 2: Server-side Current Task Gating
- Verified: current_task.json updates require PRE_ACTION_APPROVED status
- Gate enforcement: Server blocks unauthorized task state transitions  
- Protection confirmed: Only approved actors can modify active task context

[PASS] Check 3: Analyst-Verifier-Runner Workflow Routing
- Verified: .github/workflows/analyst-verifier-runner.yml exists with correct triggers
- Routing logic: VERIFICATION_REQUIRED -> analyst verification -> runner execution
- Event chain: Proper handoff between verification and execution phases

[PASS] Check 4: Ledger Entry Validation
- Verified: TASK-P3-0011 ledger entry contains valid commit SHA and schema v164
- Verified: TASK-P3-0012 ledger entry contains valid commit SHA and schema v164
- Action status: Both entries marked ACTION_COMPLETED with proper metadata
- Commit integrity: All referenced commits exist and match expected states

[PASS] Check 5: Verification Event Resolution
- Verified: No unresolved VERIFICATION_REQUIRED events in ledger
- Event cleanup: All verification requests have corresponding confirmations
- State consistency: Task queue cleared of pending verification items

SMOKE TEST SUMMARY
==================
All 5 autonomous loop integrity checks: PASSED
Generated artifact: governance/smoke/smoke-e2e-0001-report.json
Proof target status: Available on main branch at specified commit

NEXT ACTIONS REQUIRED
=====================
- AUDITOR review of smoke report artifact completeness
- AUDITOR verification of ledger trail integrity
- AUDITOR confirmation to close TASK-SMOKE-E2E-0001 with VERIFICATION_CONFIRMED
- Roadmap advancement approval pending successful verification

Test execution completed successfully.
Autonomous loop integrity: VERIFIED
Ready for AUDITOR review and closure.