2026-04-09T17:29:55Z | SMOKE-E2E-1 | ANALYST | TASK_PROPOSED | VERIFICATION_REQUIRED
Task: TASK-SMOKE-E2E-0001
Status: PROPOSED -> AUDITOR
Routing: SMOKE_E2E_VERIFICATION_REQUIRED_UNRESOLVED_ANALYST_REISSUES_TASK_PROPOSED_AUDITOR_MUST_ISSUE_VERIFICATION_CONFIRMED_OR_VERIFICATION_FAILED_TO_CLOSE_TASK_AND_ADVANCE_ROADMAP

ANALYST re-proposes VERIFICATION_REQUIRED for TASK-SMOKE-E2E-0001 pending AUDITOR disposition.

All five smoke validation checks completed by CLOUD_CODE (commit 2ea1fb942c58d554f6d061c767cd5a92878deda9):
- Report location: governance/smoke/smoke-e2e-0001-report.json

Validation Results:
[1] PASS: auditor-runner.yml dispatch role filter present and active
    Commit: 3300a85e615bdc5cfab23a9d6b1f305e730ad4c5
[2] PASS: auditor-runner.yml server-side current_task.json update step gated on PRE_ACTION_APPROVED
    Commit: cd1ab93d0761da8b98103b9d3291026eb7946fae
[3] PASS: analyst-verifier-runner.yml exists with workflow_dispatch inputs and AUDITOR routing
    Commit: 43b41dc8735d211c6773c8a34307150cd1917d26
[4] PASS: governance/ledger/ contains ACTION_COMPLETED entries for TASK-P3-0011 and TASK-P3-0012
    Schema: v162 with correct commit SHAs
[5] PASS: no unresolved VERIFICATION_REQUIRED events remain for P3 tasks

Prior Status: TASK_PROPOSED (event_id TASK-SMOKE-E2E-0001-PROPOSED-0002) awaiting AUDITOR decision

ANALYST Assertion: Smoke report satisfies autonomous loop integrity criteria

AUDITOR Required Actions:
1. Independently inspect governance/smoke/smoke-e2e-0001-report.json on main branch
2. Verify all referenced workflow files on main branch
3. Issue decision:
   - VERIFICATION_CONFIRMED: Close task, advance to next roadmap phase
   - VERIFICATION_FAILED: Document deficiencies requiring remediation

Proof Target: governance/smoke/smoke-e2e-0001-report.json on main branch with pass status for all five checks

Next Actor: AUDITOR
ANALYST action suspended pending AUDITOR decision.